warning: Error disabling address space randomization: Operation not permitted
warning: could not find '.gnu_debugaltlink' file for /usr/lib/x86_64-linux-gnu/libgstreamer-1.0.so.0
warning: could not find '.gnu_debugaltlink' file for /usr/lib/x86_64-linux-gnu/libgobject-2.0.so.0
warning: could not find '.gnu_debugaltlink' file for /usr/lib/x86_64-linux-gnu/libglib-2.0.so.0
[Thread debugging using libthread_db enabled]
Using host libthread_db library "/usr/lib/x86_64-linux-gnu/libthread_db.so.1".
warning: could not find '.gnu_debugaltlink' file for /usr/lib/x86_64-linux-gnu/libgmodule-2.0.so.0
[New Thread 0x7e216ffd1000 (LWP 57)]
[New Thread 0x7e215afba000 (LWP 58)]
[New Thread 0x7e2158927000 (LWP 59)]
gpu_visible=1 gpu_id=0 uuid=22f04c0cb6c29b756f9d7e08fa7d7537 name=Quadro RTX 8000 driver=13.1 cuda=13.1
[Detaching after fork from child process 60]

(gst-plugin-scanner:60): GStreamer-WARNING **: 00:44:26.676: Failed to load plugin '/app/native/build/libretinaface_parser.so': /app/native/build/libretinaface_parser.so: undefined symbol: cudaPointerGetAttributes

(gst-plugin-scanner:60): GStreamer-WARNING **: 00:44:26.712: Failed to load plugin '/usr/lib/x86_64-linux-gnu/gstreamer-1.0/libgstmplex.so': libmjpegutils-2.1.so.0: cannot open shared object file: No such file or directory

(gst-plugin-scanner:60): GStreamer-WARNING **: 00:44:26.746: Failed to load plugin '/usr/lib/x86_64-linux-gnu/gstreamer-1.0/libgstmpg123.so': libmpg123.so.0: cannot open shared object file: No such file or directory

(gst-plugin-scanner:60): GStreamer-WARNING **: 00:44:26.758: Failed to load plugin '/usr/lib/x86_64-linux-gnu/gstreamer-1.0/libgstopenmpt.so': libmpg123.so.0: cannot open shared object file: No such file or directory

(gst-plugin-scanner:60): GStreamer-WARNING **: 00:44:26.828: Failed to load plugin '/usr/lib/x86_64-linux-gnu/gstreamer-1.0/deepstream/libnvdsgst_udp.so': librivermax.so.1: cannot open shared object file: No such file or directory

(gst-plugin-scanner:60): GStreamer-WARNING **: 00:44:26.884: Failed to load plugin '/usr/lib/x86_64-linux-gnu/gstreamer-1.0/libgstdvdread.so': libdvdread.so.8: cannot open shared object file: No such file or directory

(gst-plugin-scanner:60): GStreamer-WARNING **: 00:44:26.885: Failed to load plugin '/usr/lib/x86_64-linux-gnu/gstreamer-1.0/libgstspandsp.so': libjbig.so.0: cannot open shared object file: No such file or directory

(gst-plugin-scanner:60): GStreamer-WARNING **: 00:44:26.897: Failed to load plugin '/usr/lib/x86_64-linux-gnu/gstreamer-1.0/libgstsndfile.so': libFLAC.so.12: cannot open shared object file: No such file or directory

(gst-plugin-scanner:60): GStreamer-WARNING **: 00:44:26.913: Failed to load plugin '/usr/lib/x86_64-linux-gnu/gstreamer-1.0/libgstpulseaudio.so': libFLAC.so.12: cannot open shared object file: No such file or directory

(gst-plugin-scanner:60): GStreamer-WARNING **: 00:44:26.968: Failed to load plugin '/usr/lib/x86_64-linux-gnu/gstreamer-1.0/libgstfluidsynthmidi.so': libFLAC.so.12: cannot open shared object file: No such file or directory

(gst-plugin-scanner:60): GStreamer-WARNING **: 00:44:26.978: Failed to load plugin '/usr/lib/x86_64-linux-gnu/gstreamer-1.0/libgstlame.so': libmp3lame.so.0: cannot open shared object file: No such file or directory

(gst-plugin-scanner:60): GStreamer-WARNING **: 00:44:26.998: Failed to load plugin '/usr/lib/x86_64-linux-gnu/gstreamer-1.0/libgstresindvd.so': libdvdnav.so.4: cannot open shared object file: No such file or directory

(gst-plugin-scanner:60): GStreamer-WARNING **: 00:44:27.003: Failed to load plugin '/usr/lib/x86_64-linux-gnu/gstreamer-1.0/libgstdtsdec.so': libdca.so.0: cannot open shared object file: No such file or directory
warning: could not find '.gnu_debugaltlink' file for /usr/lib/x86_64-linux-gnu/gstreamer-1.0/libgstcoreelements.so
warning: could not find '.gnu_debugaltlink' file for /usr/lib/x86_64-linux-gnu/libgstbase-1.0.so.0
warning: could not find '.gnu_debugaltlink' file for /usr/lib/x86_64-linux-gnu/gstreamer-1.0/libgstisomp4.so
warning: could not find '.gnu_debugaltlink' file for /usr/lib/x86_64-linux-gnu/libgstriff-1.0.so.0
warning: could not find '.gnu_debugaltlink' file for /usr/lib/x86_64-linux-gnu/libgstaudio-1.0.so.0
warning: could not find '.gnu_debugaltlink' file for /usr/lib/x86_64-linux-gnu/libgstvideo-1.0.so.0
warning: could not find '.gnu_debugaltlink' file for /usr/lib/x86_64-linux-gnu/libgstrtp-1.0.so.0
warning: could not find '.gnu_debugaltlink' file for /usr/lib/x86_64-linux-gnu/libgsttag-1.0.so.0
warning: could not find '.gnu_debugaltlink' file for /usr/lib/x86_64-linux-gnu/libgstpbutils-1.0.so.0
warning: could not find '.gnu_debugaltlink' file for /usr/lib/x86_64-linux-gnu/liborc-0.4.so.0
warning: could not find '.gnu_debugaltlink' file for /usr/lib/x86_64-linux-gnu/gstreamer-1.0/libgstvideoparsersbad.so
warning: could not find '.gnu_debugaltlink' file for /usr/lib/x86_64-linux-gnu/libgstcodecparsers-1.0.so.0
warning: could not find '.gnu_debugaltlink' file for /usr/lib/x86_64-linux-gnu/libgstallocators-1.0.so.0
[New Thread 0x7e213efff000 (LWP 68)]
Starting pipeline on GPU 0 for /app/test_videos/friendsshort_50f.mp4
[New Thread 0x7e21165ff000 (LWP 69)]
[New Thread 0x7e2115dfe000 (LWP 70)]
[New Thread 0x7e2114bdc000 (LWP 71)]
[New Thread 0x7e210cb51000 (LWP 72)]
[New Thread 0x7e1eb5fff000 (LWP 73)]
[New Thread 0x7e1eb57fe000 (LWP 74)]
[New Thread 0x7e1eb4ffd000 (LWP 75)]
[New Thread 0x7e1ea7fff000 (LWP 76)]
[New Thread 0x7e1ea77fe000 (LWP 77)]

Thread 8 "deepstream_face" received signal SIGSEGV, Segmentation fault.
[Switching to Thread 0x7e2114bdc000 (LWP 71)]
0x00007e2176a75742 in g_rec_mutex_lock () from /usr/lib/x86_64-linux-gnu/libglib-2.0.so.0
#0  0x00007e2176a75742 in g_rec_mutex_lock () at /usr/lib/x86_64-linux-gnu/libglib-2.0.so.0
#1  0x00007e21769b7242 in nvds_add_meta_to_parent () at /opt/nvidia/deepstream/deepstream-9.0/lib/libnvds_meta.so
#2  0x00007e21769b5edc in nvds_add_obj_meta_to_frame () at /opt/nvidia/deepstream/deepstream-9.0/lib/libnvds_meta.so
#3  0x00007e214442d9aa in gst_nvdsretinaface_transform_ip(_GstBaseTransform*, _GstBuffer*) () at /app/native/build/libgstnvdsretinaface.so
#4  0x00007e21580e42c1 in ??? () at /usr/lib/x86_64-linux-gnu/libgstbase-1.0.so.0
#5  0x00007e21580e3996 in ??? () at /usr/lib/x86_64-linux-gnu/libgstbase-1.0.so.0
#6  0x00007e2176c018ec in ??? () at /usr/lib/x86_64-linux-gnu/libgstreamer-1.0.so.0
#7  0x00007e2176c04d96 in ??? () at /usr/lib/x86_64-linux-gnu/libgstreamer-1.0.so.0
#8  0x00007e2176c053e4 in gst_pad_push () at /usr/lib/x86_64-linux-gnu/libgstreamer-1.0.so.0
#9  0x00007e21444ec72c in ??? () at /usr/lib/x86_64-linux-gnu/gstreamer-1.0/deepstream/libnvdsgst_preprocess.so
#10 0x00007e2176a4ae62 in ??? () at /usr/lib/x86_64-linux-gnu/libglib-2.0.so.0
#11 0x00007e217620caa4 in ??? () at /usr/lib/x86_64-linux-gnu/libc.so.6
#12 0x00007e2176299a64 in clone () at /usr/lib/x86_64-linux-gnu/libc.so.6
