gpu_visible=1 gpu_id=0 uuid=c4e86f229be220fae97a2bf441cb461f name=Quadro RTX 8000 driver=13.1 cuda=13.1
Starting pipeline on GPU 0 for /app/test_videos/friendsshort_50f.mp4
Opening in BLOCKING MODE 
gstnvtracker: Loading low-level lib at /opt/nvidia/deepstream/deepstream-9.0/lib/libnvds_nvmultiobjecttracker.so
~~ CLOG[src/modules/FrameTransform/trtModule.cpp, loadTRTEngine() @line 305]: Engine file does not exist: /opt/nvidia/deepstream/deepstream/samples/models/Tracker/resnet50_market1501.etlt_b100_gpu0_fp16.engine
[NvMultiObjectTracker] Load engine failed. Create engine again.

!![ERROR] TAO model file does not exist
[NvMultiObjectTracker] De-initialized
An exception occurred. TAO model file does not exist
gstnvtracker: Failed to initialize tracker context!
gstnvtracker:: Failed to create batch context. Shutting down processing.
gstnvtracker: Loading low-level lib at /opt/nvidia/deepstream/deepstream-9.0/lib/libnvds_nvmultiobjecttracker.so
~~ CLOG[src/modules/FrameTransform/trtModule.cpp, loadTRTEngine() @line 305]: Engine file does not exist: /opt/nvidia/deepstream/deepstream/samples/models/Tracker/resnet50_market1501.etlt_b100_gpu0_fp16.engine
[NvMultiObjectTracker] Load engine failed. Create engine again.

!![ERROR] TAO model file does not exist
[NvMultiObjectTracker] De-initialized
An exception occurred. TAO model file does not exist
gstnvtracker: Failed to initialize tracker context!
gstnvtracker:: Failed to create batch context. Shutting down processing.
gstnvtracker: Loading low-level lib at /opt/nvidia/deepstream/deepstream-9.0/lib/libnvds_nvmultiobjecttracker.so
~~ CLOG[src/modules/FrameTransform/trtModule.cpp, loadTRTEngine() @line 305]: Engine file does not exist: /opt/nvidia/deepstream/deepstream/samples/models/Tracker/resnet50_market1501.etlt_b100_gpu0_fp16.engine
[NvMultiObjectTracker] Load engine failed. Create engine again.

!![ERROR] TAO model file does not exist
[NvMultiObjectTracker] De-initialized
An exception occurred. TAO model file does not exist
