gpu_visible=1 gpu_id=0 uuid=22f04c0cb6c29b756f9d7e08fa7d7537 name=Quadro RTX 8000 driver=13.1 cuda=13.1
Starting pipeline on GPU 0 for /app/test_videos/friendsshort_50f.mp4
Opening in BLOCKING MODE 
gstnvtracker: Loading low-level lib at /opt/nvidia/deepstream/deepstream-9.0/lib/libnvds_nvmultiobjecttracker.so
~~ CLOG[src/modules/FrameTransform/trtModule.cpp, loadTRTEngine() @line 305]: Engine file does not exist: /opt/nvidia/deepstream/deepstream/samples/models/Tracker/resnet50_market1501.etlt_b100_gpu0_fp16.engine
[NvMultiObjectTracker] Load engine failed. Create engine again.

!![ERROR] TAO model file does not exist
[NvMultiObjectTracker] De-initialized
An exception occurred. TAO model file does not exist
gstnvtracker: Failed to initialize tracker context!
gstnvtracker:: Failed to create batch context. Shutting down processing.
gstnvtracker: Loading low-level lib at /opt/nvidia/deepstream/deepstream-9.0/lib/libnvds_nvmultiobjecttracker.so
~~ CLOG[src/modules/FrameTransform/trtModule.cpp, loadTRTEngine() @line 305]: Engine file does not exist: /opt/nvidia/deepstream/deepstream/samples/models/Tracker/resnet50_market1501.etlt_b100_gpu0_fp16.engine
[NvMultiObjectTracker] Load engine failed. Create engine again.

!![ERROR] TAO model file does not exist
[NvMultiObjectTracker] De-initialized
An exception occurred. TAO model file does not exist
gstnvtracker: Failed to initialize tracker context!
gstnvtracker:: Failed to create batch context. Shutting down processing.
gstnvtracker: Loading low-level lib at /opt/nvidia/deepstream/deepstream-9.0/lib/libnvds_nvmultiobjecttracker.so
~~ CLOG[src/modules/FrameTransform/trtModule.cpp, loadTRTEngine() @line 305]: Engine file does not exist: /opt/nvidia/deepstream/deepstream/samples/models/Tracker/resnet50_market1501.etlt_b100_gpu0_fp16.engine
[NvMultiObjectTracker] Load engine failed. Create engine again.

!![ERROR] TAO model file does not exist
[NvMultiObjectTracker] De-initialized
An exception occurred. TAO model file does not exist
gstnvtracker: Failed to initialize tracker context!
gstnvtracker:: Failed to create batch context. Shutting down processing.
Using offsets : 104.000000,117.000000,123.000000
Done. frames=0 detections=0 wall=0.451s error=1
completed=false decoded_frames=0 processed_frames=0 detections=0 tracklets=0 eos_clean=false exit_code=1
